<html>
<head>
<title>TestNG:  Test</title>
<link href="../testng.css" rel="stylesheet" type="text/css" />
<link href="../my-testng.css" rel="stylesheet" type="text/css" />

<style type="text/css">
.log { display: none;} 
.stack-trace { display: none;} 
</style>
<script type="text/javascript">
<!--
function flip(e) {
  current = e.style.display;
  if (current == 'block') {
    e.style.display = 'none';
    return 0;
  }
  else {
    e.style.display = 'block';
    return 1;
  }
}

function toggleBox(szDivId, elem, msg1, msg2)
{
  var res = -1;  if (document.getElementById) {
    res = flip(document.getElementById(szDivId));
  }
  else if (document.all) {
    // this is the way old msie versions work
    res = flip(document.all[szDivId]);
  }
  if(elem) {
    if(res == 0) elem.innerHTML = msg1; else elem.innerHTML = msg2;
  }

}

function toggleAllBoxes() {
  if (document.getElementsByTagName) {
    d = document.getElementsByTagName('div');
    for (i = 0; i < d.length; i++) {
      if (d[i].className == 'log') {
        flip(d[i]);
      }
    }
  }
}

// -->
</script>

</head>
<body>
<h2 align='center'>Test</h2><table border='1' align="center">
<tr>
<td>Tests passed/Failed/Skipped:</td><td>42/1/0</td>
</tr><tr>
<td>Started on:</td><td>Thu Feb 25 01:16:50 IST 2021</td>
</tr>
<tr><td>Total time:</td><td>1141 seconds (1141520 ms)</td>
</tr><tr>
<td>Included groups:</td><td></td>
</tr><tr>
<td>Excluded groups:</td><td></td>
</tr>
</table><p/>
<small><i>(Hover the method name to see the test class name)</i></small><p/>
<table width='100%' border='1' class='invocation-failed'>
<tr><td colspan='4' align='center'><b>FAILED TESTS</b></td></tr>
<tr><td><b>Test method</b></td>
<td width="30%"><b>Exception</b></td>
<td width="10%"><b>Time (seconds)</b></td>
<td><b>Instance</b></td>
</tr>
<tr>
<td title='com.nurture.TestCases.BuyersDashboardTest.BuyerDashboard()'><b>BuyerDashboard</b><br>Test class: com.nurture.TestCases.BuyersDashboardTest</td>
<td><div><pre>org.openqa.selenium.ElementClickInterceptedException: element click intercepted: Element &lt;a class=&quot;nav-link dashboard-tab&quot; id=&quot;buy-tab&quot; data-toggle=&quot;tab&quot; href=&quot;#buy&quot; role=&quot;tab&quot; aria-controls=&quot;buy&quot; aria-selected=&quot;false&quot;&gt;...&lt;/a&gt; is not clickable at point (416, 591). Other element would receive the click: &lt;div class=&quot;ticker-wrap&quot;&gt;...&lt;/div&gt;
  (Session info: chrome=88.0.4324.182)
Build info: version: &apos;3.141.59&apos;, revision: &apos;e82be7d358&apos;, time: &apos;2018-11-14T08:17:03&apos;
System info: host: &apos;CHALAMA&apos;, ip: &apos;10.2.0.131&apos;, os.name: &apos;Windows 10&apos;, os.arch: &apos;amd64&apos;, os.version: &apos;10.0&apos;, java.version: &apos;11.0.9&apos;
Driver info: org.openqa.selenium.chrome.ChromeDriver
Capabilities {acceptInsecureCerts: false, browserName: chrome, browserVersion: 88.0.4324.182, chrome: {chromedriverVersion: 88.0.4324.96 (68dba2d8a0b14..., userDataDir: C:\Users\CHALAMA\AppData\Lo...}, goog:chromeOptions: {debuggerAddress: localhost:52456}, javascriptEnabled: true, networkConnectionEnabled: false, pageLoadStrategy: normal, platform: WINDOWS, platformName: WINDOWS, proxy: Proxy(), setWindowRect: true, strictFileInteractability: false, timeouts: {implicit: 0, pageLoad: 300000, script: 30000}, unhandledPromptBehavior: dismiss and notify, webauthn:extension:largeBlob: true, webauthn:virtualAuthenticators: true}
Session ID: d36c69916caef3aef8c67d2d7f22f2c3
	at org.openqa.selenium.remote.http.W3CHttpResponseCodec.createException(W3CHttpResponseCodec.java:187)
	at org.openqa.selenium.remote.http.W3CHttpResponseCodec.decode(W3CHttpResponseCodec.java:122)
	at org.openqa.selenium.remote.http.W3CHttpResponseCodec.decode(W3CHttpResponseCodec.java:49)
	at org.openqa.selenium.remote.HttpCommandExecutor.execute(HttpCommandExecutor.java:158)
	at org.openqa.selenium.remote.service.DriverCommandExecutor.execute(DriverCommandExecutor.java:83)
	at org.openqa.selenium.remote.RemoteWebDriver.execute(RemoteWebDriver.java:552)
	at org.openqa.selenium.remote.RemoteWebElement.execute(RemoteWebElement.java:285)
	at org.openqa.selenium.remote.RemoteWebElement.click(RemoteWebElement.java:84)
	at org.openqa.selenium.support.pagefactory.internal.LocatingElementHandler.invoke(LocatingElementHandler.java:51)
	at com.sun.proxy.$Proxy11.click(Unknown Source)
	at com.nurture.PageObjects.BuyersDashboard.Buyersdashboard(BuyersDashboard.java:43)
	at com.nurture.TestCases.BuyersDashboardTest.BuyerDashboard(BuyersDashboardTest.java:14)
	at java.base/java.util.ArrayList.forEach(ArrayList.java:1541)
... Removed 38 stack frames</pre></div><a href='#' onClick='toggleBox("stack-trace1426974392", this, "Click to show all stack frames", "Click to hide stack frames")'>Click to show all stack frames</a>
<div class='stack-trace' id='stack-trace1426974392'><pre>org.openqa.selenium.ElementClickInterceptedException: element click intercepted: Element &lt;a class=&quot;nav-link dashboard-tab&quot; id=&quot;buy-tab&quot; data-toggle=&quot;tab&quot; href=&quot;#buy&quot; role=&quot;tab&quot; aria-controls=&quot;buy&quot; aria-selected=&quot;false&quot;&gt;...&lt;/a&gt; is not clickable at point (416, 591). Other element would receive the click: &lt;div class=&quot;ticker-wrap&quot;&gt;...&lt;/div&gt;
  (Session info: chrome=88.0.4324.182)
Build info: version: &apos;3.141.59&apos;, revision: &apos;e82be7d358&apos;, time: &apos;2018-11-14T08:17:03&apos;
System info: host: &apos;CHALAMA&apos;, ip: &apos;10.2.0.131&apos;, os.name: &apos;Windows 10&apos;, os.arch: &apos;amd64&apos;, os.version: &apos;10.0&apos;, java.version: &apos;11.0.9&apos;
Driver info: org.openqa.selenium.chrome.ChromeDriver
Capabilities {acceptInsecureCerts: false, browserName: chrome, browserVersion: 88.0.4324.182, chrome: {chromedriverVersion: 88.0.4324.96 (68dba2d8a0b14..., userDataDir: C:\Users\CHALAMA\AppData\Lo...}, goog:chromeOptions: {debuggerAddress: localhost:52456}, javascriptEnabled: true, networkConnectionEnabled: false, pageLoadStrategy: normal, platform: WINDOWS, platformName: WINDOWS, proxy: Proxy(), setWindowRect: true, strictFileInteractability: false, timeouts: {implicit: 0, pageLoad: 300000, script: 30000}, unhandledPromptBehavior: dismiss and notify, webauthn:extension:largeBlob: true, webauthn:virtualAuthenticators: true}
Session ID: d36c69916caef3aef8c67d2d7f22f2c3
	at java.base/jdk.internal.reflect.NativeConstructorAccessorImpl.newInstance0(Native Method)
	at java.base/jdk.internal.reflect.NativeConstructorAccessorImpl.newInstance(NativeConstructorAccessorImpl.java:62)
	at java.base/jdk.internal.reflect.DelegatingConstructorAccessorImpl.newInstance(DelegatingConstructorAccessorImpl.java:45)
	at java.base/java.lang.reflect.Constructor.newInstance(Constructor.java:490)
	at org.openqa.selenium.remote.http.W3CHttpResponseCodec.createException(W3CHttpResponseCodec.java:187)
	at org.openqa.selenium.remote.http.W3CHttpResponseCodec.decode(W3CHttpResponseCodec.java:122)
	at org.openqa.selenium.remote.http.W3CHttpResponseCodec.decode(W3CHttpResponseCodec.java:49)
	at org.openqa.selenium.remote.HttpCommandExecutor.execute(HttpCommandExecutor.java:158)
	at org.openqa.selenium.remote.service.DriverCommandExecutor.execute(DriverCommandExecutor.java:83)
	at org.openqa.selenium.remote.RemoteWebDriver.execute(RemoteWebDriver.java:552)
	at org.openqa.selenium.remote.RemoteWebElement.execute(RemoteWebElement.java:285)
	at org.openqa.selenium.remote.RemoteWebElement.click(RemoteWebElement.java:84)
	at jdk.internal.reflect.GeneratedMethodAccessor2.invoke(Unknown Source)
	at java.base/jdk.internal.reflect.DelegatingMethodAccessorImpl.invoke(DelegatingMethodAccessorImpl.java:43)
	at java.base/java.lang.reflect.Method.invoke(Method.java:566)
	at org.openqa.selenium.support.pagefactory.internal.LocatingElementHandler.invoke(LocatingElementHandler.java:51)
	at com.sun.proxy.$Proxy11.click(Unknown Source)
	at com.nurture.PageObjects.BuyersDashboard.Buyersdashboard(BuyersDashboard.java:43)
	at com.nurture.TestCases.BuyersDashboardTest.BuyerDashboard(BuyersDashboardTest.java:14)
	at java.base/jdk.internal.reflect.NativeMethodAccessorImpl.invoke0(Native Method)
	at java.base/jdk.internal.reflect.NativeMethodAccessorImpl.invoke(NativeMethodAccessorImpl.java:62)
	at java.base/jdk.internal.reflect.DelegatingMethodAccessorImpl.invoke(DelegatingMethodAccessorImpl.java:43)
	at java.base/java.lang.reflect.Method.invoke(Method.java:566)
	at org.testng.internal.MethodInvocationHelper.invokeMethod(MethodInvocationHelper.java:132)
	at org.testng.internal.TestInvoker.invokeMethod(TestInvoker.java:599)
	at org.testng.internal.TestInvoker.invokeTestMethod(TestInvoker.java:174)
	at org.testng.internal.MethodRunner.runInSequence(MethodRunner.java:46)
	at org.testng.internal.TestInvoker$MethodInvocationAgent.invoke(TestInvoker.java:822)
	at org.testng.internal.TestInvoker.invokeTestMethods(TestInvoker.java:147)
	at org.testng.internal.TestMethodWorker.invokeTestMethods(TestMethodWorker.java:146)
	at org.testng.internal.TestMethodWorker.run(TestMethodWorker.java:128)
	at java.base/java.util.ArrayList.forEach(ArrayList.java:1541)
	at org.testng.TestRunner.privateRun(TestRunner.java:764)
	at org.testng.TestRunner.run(TestRunner.java:585)
	at org.testng.SuiteRunner.runTest(SuiteRunner.java:384)
	at org.testng.SuiteRunner.runSequentially(SuiteRunner.java:378)
	at org.testng.SuiteRunner.privateRun(SuiteRunner.java:337)
	at org.testng.SuiteRunner.run(SuiteRunner.java:286)
	at org.testng.SuiteRunnerWorker.runSuite(SuiteRunnerWorker.java:53)
	at org.testng.SuiteRunnerWorker.run(SuiteRunnerWorker.java:96)
	at org.testng.TestNG.runSuitesSequentially(TestNG.java:1218)
	at org.testng.TestNG.runSuitesLocally(TestNG.java:1140)
	at org.testng.TestNG.runSuites(TestNG.java:1069)
	at org.testng.TestNG.run(TestNG.java:1037)
	at org.apache.maven.surefire.testng.TestNGExecutor.run(TestNGExecutor.java:284)
	at org.apache.maven.surefire.testng.TestNGXmlTestSuite.execute(TestNGXmlTestSuite.java:75)
	at org.apache.maven.surefire.testng.TestNGProvider.invoke(TestNGProvider.java:119)
	at org.apache.maven.surefire.booter.ForkedBooter.runSuitesInProcess(ForkedBooter.java:428)
	at org.apache.maven.surefire.booter.ForkedBooter.execute(ForkedBooter.java:162)
	at org.apache.maven.surefire.booter.ForkedBooter.run(ForkedBooter.java:562)
	at org.apache.maven.surefire.booter.ForkedBooter.main(ForkedBooter.java:548)
</pre></div></td>
<td>10</td>
<td>com.nurture.TestCases.BuyersDashboardTest@7eecb5b8</td></tr>
</table><p>
<table width='100%' border='1' class='invocation-passed'>
<tr><td colspan='4' align='center'><b>PASSED TESTS</b></td></tr>
<tr><td><b>Test method</b></td>
<td width="30%"><b>Exception</b></td>
<td width="10%"><b>Time (seconds)</b></td>
<td><b>Instance</b></td>
</tr>
<tr>
<td title='com.nurture.TestCases.Contract_OrdersTest.ApproveContract()'><b>ApproveContract</b><br>Test class: com.nurture.TestCases.Contract_OrdersTest</td>
<td></td>
<td>24</td>
<td>com.nurture.TestCases.Contract_OrdersTest@71687585</td></tr>
<tr>
<td title='com.nurture.TestCases.Contract_OrdersTest.BuyerProccedToPayment()'><b>BuyerProccedToPayment</b><br>Test class: com.nurture.TestCases.Contract_OrdersTest</td>
<td></td>
<td>42</td>
<td>com.nurture.TestCases.Contract_OrdersTest@71687585</td></tr>
<tr>
<td title='com.nurture.TestCases.Contract_OrdersTest.ContractShare()'><b>ContractShare</b><br>Test class: com.nurture.TestCases.Contract_OrdersTest</td>
<td></td>
<td>40</td>
<td>com.nurture.TestCases.Contract_OrdersTest@71687585</td></tr>
<tr>
<td title='com.nurture.TestCases.RejectContractTest.ContractShare()'><b>ContractShare</b><br>Test class: com.nurture.TestCases.RejectContractTest</td>
<td></td>
<td>41</td>
<td>com.nurture.TestCases.RejectContractTest@1807f5a7</td></tr>
<tr>
<td title='com.nurture.TestCases.CreateListingTest.CreateList()'><b>CreateList</b><br>Test class: com.nurture.TestCases.CreateListingTest<br>Parameters: LG Master Super Bremer Seeds, LG Maltstar Super Bremer seeds is known for malt, 100, 10, 300, 4001, 130 Shirley Street, Perth</td>
<td></td>
<td>72</td>
<td>com.nurture.TestCases.CreateListingTest@5c7bfdc1</td></tr>
<tr>
<td title='com.nurture.TestCases.DeleteListingTest.DeleteList()'><b>DeleteList</b><br>Test class: com.nurture.TestCases.DeleteListingTest</td>
<td></td>
<td>27</td>
<td>com.nurture.TestCases.DeleteListingTest@5276d6ee</td></tr>
<tr>
<td title='com.nurture.TestCases.Contract_OrdersTest.DownloadBuyerInvoice()'><b>DownloadBuyerInvoice</b><br>Test class: com.nurture.TestCases.Contract_OrdersTest</td>
<td></td>
<td>22</td>
<td>com.nurture.TestCases.Contract_OrdersTest@71687585</td></tr>
<tr>
<td title='com.nurture.TestCases.Contract_OrdersTest.DownloadSellerInvoice()'><b>DownloadSellerInvoice</b><br>Test class: com.nurture.TestCases.Contract_OrdersTest</td>
<td></td>
<td>20</td>
<td>com.nurture.TestCases.Contract_OrdersTest@71687585</td></tr>
<tr>
<td title='com.nurture.TestCases.Contract_OrdersTest.InitiatePayment()'><b>InitiatePayment</b><br>Test class: com.nurture.TestCases.Contract_OrdersTest</td>
<td></td>
<td>27</td>
<td>com.nurture.TestCases.Contract_OrdersTest@71687585</td></tr>
<tr>
<td title='com.nurture.TestCases.SignupTest.InvalidSignup()'><b>InvalidSignup</b><br>Test class: com.nurture.TestCases.SignupTest<br>Parameters: 12#@@13334, 123$%%^^&134, 31726!&!^, %$#%13133, 12143212465@gmail.com</td>
<td></td>
<td>22</td>
<td>com.nurture.TestCases.SignupTest@28cda624</td></tr>
<tr>
<td title='com.nurture.TestCases.SignupTest.InvalidSignup()'><b>InvalidSignup</b><br>Test class: com.nurture.TestCases.SignupTest<br>Parameters: Olivia, Ella, nurture12, nurture12, nurture12@gmail.com</td>
<td></td>
<td>22</td>
<td>com.nurture.TestCases.SignupTest@28cda624</td></tr>
<tr>
<td title='com.nurture.TestCases.SignupTest.InvalidSignup()'><b>InvalidSignup</b><br>Test class: com.nurture.TestCases.SignupTest<br>Parameters: samson, Max, nurture12, QWEEEqrtt234, nurture15@gmail.com</td>
<td></td>
<td>22</td>
<td>com.nurture.TestCases.SignupTest@28cda624</td></tr>
<tr>
<td title='com.nurture.TestCases.SignupTest.InvalidSignup()'><b>InvalidSignup</b><br>Test class: com.nurture.TestCases.SignupTest<br>Parameters: Chole, Harper, Nurture@12, Nurture@12, Nurture1!@12@gmail.com</td>
<td></td>
<td>22</td>
<td>com.nurture.TestCases.SignupTest@28cda624</td></tr>
<tr>
<td title='com.nurture.TestCases.SignupTest.InvalidSignup()'><b>InvalidSignup</b><br>Test class: com.nurture.TestCases.SignupTest<br>Parameters: Alice, Hazel, Vnc@2020, Vnc@2020, shane@gmail.com</td>
<td></td>
<td>22</td>
<td>com.nurture.TestCases.SignupTest@28cda624</td></tr>
<tr>
<td title='com.nurture.TestCases.ListingsTest.List()'><b>List</b><br>Test class: com.nurture.TestCases.ListingsTest</td>
<td></td>
<td>26</td>
<td>com.nurture.TestCases.ListingsTest@57db2b13</td></tr>
<tr>
<td title='com.nurture.TestCases.ManualLoginTest.LoginWithBlank()'><b>LoginWithBlank</b><br>Test class: com.nurture.TestCases.ManualLoginTest</td>
<td></td>
<td>4</td>
<td>com.nurture.TestCases.ManualLoginTest@1500b2f3</td></tr>
<tr>
<td title='com.nurture.TestCases.Contract_OrdersTest.LoginWithBuyer()'><b>LoginWithBuyer</b><br>Test class: com.nurture.TestCases.Contract_OrdersTest<br>Parameters: nurturefarmtest8@gmail.com, Nurture@18</td>
<td></td>
<td>10</td>
<td>com.nurture.TestCases.Contract_OrdersTest@71687585</td></tr>
<tr>
<td title='com.nurture.TestCases.Contract_OrdersTest.LoginWithBuyerAccount()'><b>LoginWithBuyerAccount</b><br>Test class: com.nurture.TestCases.Contract_OrdersTest<br>Parameters: nurturefarmtest8@gmail.com, Nurture@18</td>
<td></td>
<td>10</td>
<td>com.nurture.TestCases.Contract_OrdersTest@71687585</td></tr>
<tr>
<td title='com.nurture.TestCases.Contract_OrdersTest.LoginWithBuyerUser()'><b>LoginWithBuyerUser</b><br>Test class: com.nurture.TestCases.Contract_OrdersTest<br>Parameters: nurturefarmtest8@gmail.com, Nurture@18</td>
<td></td>
<td>12</td>
<td>com.nurture.TestCases.Contract_OrdersTest@71687585</td></tr>
<tr>
<td title='com.nurture.TestCases.RejectContractTest.LoginWithBuyerUser()'><b>LoginWithBuyerUser</b><br>Test class: com.nurture.TestCases.RejectContractTest<br>Parameters: nurturefarmtest8@gmail.com, Nurture@18</td>
<td></td>
<td>15</td>
<td>com.nurture.TestCases.RejectContractTest@1807f5a7</td></tr>
<tr>
<td title='com.nurture.TestCases.ManualLoginTest.LoginWithInvalidData()'><b>LoginWithInvalidData</b><br>Test class: com.nurture.TestCases.ManualLoginTest<br>Parameters: nurtuuree@123@gmail.com, !##,,….((00</td>
<td></td>
<td>5</td>
<td>com.nurture.TestCases.ManualLoginTest@1500b2f3</td></tr>
<tr>
<td title='com.nurture.TestCases.ManualLoginTest.LoginWithInvalidData()'><b>LoginWithInvalidData</b><br>Test class: com.nurture.TestCases.ManualLoginTest<br>Parameters: nurtut!!$$$%aa@gmail.com, Nurture$2020</td>
<td></td>
<td>5</td>
<td>com.nurture.TestCases.ManualLoginTest@1500b2f3</td></tr>
<tr>
<td title='com.nurture.TestCases.ManualLoginTest.LoginWithInvalidData()'><b>LoginWithInvalidData</b><br>Test class: com.nurture.TestCases.ManualLoginTest<br>Parameters: nurturefarmtest1@gmail.com, <>><#$#%$^</td>
<td></td>
<td>5</td>
<td>com.nurture.TestCases.ManualLoginTest@1500b2f3</td></tr>
<tr>
<td title='com.nurture.TestCases.ManualLoginTest.LoginWithInvalidData()'><b>LoginWithInvalidData</b><br>Test class: com.nurture.TestCases.ManualLoginTest<br>Parameters: !@###*(*&87899, !%!^%&>>/?</td>
<td></td>
<td>4</td>
<td>com.nurture.TestCases.ManualLoginTest@1500b2f3</td></tr>
<tr>
<td title='com.nurture.TestCases.ManualLoginTest.LoginWithInvalidData()'><b>LoginWithInvalidData</b><br>Test class: com.nurture.TestCases.ManualLoginTest<br>Parameters: chalamareddy1994@gmail.com, Vnc@2021</td>
<td></td>
<td>5</td>
<td>com.nurture.TestCases.ManualLoginTest@1500b2f3</td></tr>
<tr>
<td title='com.nurture.TestCases.DeleteListingTest.LoginWithListUser()'><b>LoginWithListUser</b><br>Test class: com.nurture.TestCases.DeleteListingTest<br>Parameters: nurturefarmtest4@gmail.com, Nurture@14</td>
<td></td>
<td>13</td>
<td>com.nurture.TestCases.DeleteListingTest@5276d6ee</td></tr>
<tr>
<td title='com.nurture.TestCases.RegistrationTest.LoginWithNonRegister_GeneralDetails()'><b>LoginWithNonRegister_GeneralDetails</b><br>Test class: com.nurture.TestCases.RegistrationTest<br>Parameters: nurturefarmtest4@gmail.com, Nurture@14, William, Certified seed growers ensure that seeds sold for growing different crops are healthy, high quality, and free of impurities, Richer Lands, contactus@richerland.com, 9620850102, 90225611999, 13245689, 2800, 122 Woodbury Park Drv, CADIA</td>
<td></td>
<td>99</td>
<td>com.nurture.TestCases.RegistrationTest@475c9c31</td></tr>
<tr>
<td title='com.nurture.TestCases.CreateListingTest.LoginWithRegisterUSer()'><b>LoginWithRegisterUSer</b><br>Test class: com.nurture.TestCases.CreateListingTest<br>Parameters: nurturefarmtest4@gmail.com, Nurture@14</td>
<td></td>
<td>19</td>
<td>com.nurture.TestCases.CreateListingTest@5c7bfdc1</td></tr>
<tr>
<td title='com.nurture.TestCases.Contract_OrdersTest.LoginWithSeller()'><b>LoginWithSeller</b><br>Test class: com.nurture.TestCases.Contract_OrdersTest<br>Parameters: nurturefarmtest9@gmail.com, Nurture@19</td>
<td></td>
<td>10</td>
<td>com.nurture.TestCases.Contract_OrdersTest@71687585</td></tr>
<tr>
<td title='com.nurture.TestCases.Contract_OrdersTest.LoginWithSellerAccount()'><b>LoginWithSellerAccount</b><br>Test class: com.nurture.TestCases.Contract_OrdersTest<br>Parameters: nurturefarmtest9@gmail.com, Nurture@19</td>
<td></td>
<td>10</td>
<td>com.nurture.TestCases.Contract_OrdersTest@71687585</td></tr>
<tr>
<td title='com.nurture.TestCases.Contract_OrdersTest.LoginWithSellerUser()'><b>LoginWithSellerUser</b><br>Test class: com.nurture.TestCases.Contract_OrdersTest<br>Parameters: nurturefarmtest9@gmail.com, Nurture@19</td>
<td></td>
<td>10</td>
<td>com.nurture.TestCases.Contract_OrdersTest@71687585</td></tr>
<tr>
<td title='com.nurture.TestCases.RejectContractTest.LoginWithSellerUser()'><b>LoginWithSellerUser</b><br>Test class: com.nurture.TestCases.RejectContractTest<br>Parameters: nurturefarmtest9@gmail.com, Nurture@19</td>
<td></td>
<td>19</td>
<td>com.nurture.TestCases.RejectContractTest@1807f5a7</td></tr>
<tr>
<td title='com.nurture.TestCases.ManualLoginTest.LoginWithValidData()'><b>LoginWithValidData</b><br>Test class: com.nurture.TestCases.ManualLoginTest<br>Parameters: nurturefarmtest4@gmail.com, Nurture@14</td>
<td></td>
<td>10</td>
<td>com.nurture.TestCases.ManualLoginTest@1500b2f3</td></tr>
<tr>
<td title='com.nurture.TestCases.CreateListingTest.NavtigateCreateListing()'><b>NavtigateCreateListing</b><br>Test class: com.nurture.TestCases.CreateListingTest</td>
<td></td>
<td>9</td>
<td>com.nurture.TestCases.CreateListingTest@5c7bfdc1</td></tr>
<tr>
<td title='com.nurture.TestCases.ProfileTest.Profile()'><b>Profile</b><br>Test class: com.nurture.TestCases.ProfileTest</td>
<td></td>
<td>21</td>
<td>com.nurture.TestCases.ProfileTest@5c86a017</td></tr>
<tr>
<td title='com.nurture.TestCases.RegistrationTest.Registration_Complete()'><b>Registration_Complete</b><br>Test class: com.nurture.TestCases.RegistrationTest</td>
<td></td>
<td>9</td>
<td>com.nurture.TestCases.RegistrationTest@475c9c31</td></tr>
<tr>
<td title='com.nurture.TestCases.RegistrationTest.Registration_FinancialDetails()'><b>Registration_FinancialDetails</b><br>Test class: com.nurture.TestCases.RegistrationTest<br>Parameters: nurturefarmtest4@gmail.com, Richer lands, 90225611999, 122 Woodbury, Park Drv, CADIA, 2800, richerlandseed.com</td>
<td></td>
<td>73</td>
<td>com.nurture.TestCases.RegistrationTest@475c9c31</td></tr>
<tr>
<td title='com.nurture.TestCases.RegistrationTest.Registration_TermsACondtions()'><b>Registration_TermsACondtions</b><br>Test class: com.nurture.TestCases.RegistrationTest</td>
<td></td>
<td>12</td>
<td>com.nurture.TestCases.RegistrationTest@475c9c31</td></tr>
<tr>
<td title='com.nurture.TestCases.RejectContractTest.RejectContract()'><b>RejectContract</b><br>Test class: com.nurture.TestCases.RejectContractTest</td>
<td></td>
<td>22</td>
<td>com.nurture.TestCases.RejectContractTest@1807f5a7</td></tr>
<tr>
<td title='com.nurture.TestCases.SellersDashboardTest.SellerDashboard()'><b>SellerDashboard</b><br>Test class: com.nurture.TestCases.SellersDashboardTest</td>
<td></td>
<td>13</td>
<td>com.nurture.TestCases.SellersDashboardTest@126253fd</td></tr>
<tr>
<td title='com.nurture.TestCases.SignupTest.ValidSignupDetails()'><b>ValidSignupDetails</b><br>Test class: com.nurture.TestCases.SignupTest<br>Parameters: Alice, Hazel, Vnc@2020, Vnc@2020, nurture8007@gmail.com</td>
<td></td>
<td>43</td>
<td>com.nurture.TestCases.SignupTest@28cda624</td></tr>
<tr>
<td title='com.nurture.TestCases.ManualLoginTest.VerifyTheLogo()'><b>VerifyTheLogo</b><br>Test class: com.nurture.TestCases.ManualLoginTest</td>
<td></td>
<td>9</td>
<td>com.nurture.TestCases.ManualLoginTest@1500b2f3</td></tr>
</table><p>
</body>
</html>