<?xml version="1.0" encoding="UTF-8"?>
<!-- Generated by org.testng.reporters.JUnitXMLReporter -->
<testsuite ignored="0" hostname="CHALAMA" failures="0" tests="4" name="Default test" time="131.644" errors="0" timestamp="2021-03-10T00:08:06 IST">
  <testcase classname="com.nurture.TestCases.RejectContractTest" name="LoginWithBuyerUser" time="11.876"/>
  <testcase classname="com.nurture.TestCases.RejectContractTest" name="ContractShare" time="57.199"/>
  <testcase classname="com.nurture.TestCases.RejectContractTest" name="LoginWithSellerUser" time="12.788"/>
  <testcase classname="com.nurture.TestCases.RejectContractTest" name="RejectContract" time="19.977"/>
</testsuite> <!-- Default test -->
