<?xml version="1.0" encoding="UTF-8"?>
<testsuite xmlns:xsi="http://www.w3.org/2001/XMLSchema-instance" xsi:noNamespaceSchemaLocation="https://maven.apache.org/surefire/maven-surefire-plugin/xsd/surefire-test-report-3.0.xsd" version="3.0" name="TestSuite" time="1,150.663" tests="43" errors="0" skipped="0" failures="1">
  <properties>
[...]
</properties>
  <testcase name="ValidSignupDetails[Alice, Hazel, Vnc@2020, Vnc@2020, nurture8007@gmail.com](1)" classname="com.nurture.TestCases.SignupTest" time="43.677">
    <system-out><![CDATA[Directory already exists: C:\Users\CHALAMA\eclipse-workspace\HannafordFarmExchange\TestReport
ExtentReport Path for WINDOWS: C:\Users\CHALAMA\eclipse-workspace\HannafordFarmExchange\TestReport

**********NurtureFarm Test Suite started**************
ValidSignupDetails started
]]></system-out>
    <system-err><![CDATA[Starting ChromeDriver 88.0.4324.96 (68dba2d8a0b149a1d3afac56fa74648032bcf46b-refs/branch-heads/4324@{#1784}) on port 8742
Only local connections are allowed.
Please see https://chromedriver.chromium.org/security-considerations for suggestions on keeping ChromeDriver safe.
ChromeDriver was started successfully.
Feb 25, 2021 1:17:26 AM org.openqa.selenium.remote.ProtocolHandshake createSession
INFO: Detected dialect: W3C
]]></system-err>
  </testcase>
  <testcase name="InvalidSignup[12#@@13334, 123$%%^^&amp;134, 31726!&amp;!^, %$#%13133, 12143212465@gmail.com](1)" classname="com.nurture.TestCases.SignupTest" time="22.681">
    <system-out><![CDATA[ValidSignupDetails passed
InvalidSignup started
]]></system-out>
  </testcase>
  <testcase name="InvalidSignup[Olivia, Ella, nurture12, nurture12, nurture12@gmail.com](2)" classname="com.nurture.TestCases.SignupTest" time="22.694">
    <system-out><![CDATA[InvalidSignup passed
InvalidSignup started
]]></system-out>
  </testcase>
  <testcase name="InvalidSignup[samson, Max, nurture12, QWEEEqrtt234, nurture15@gmail.com](3)" classname="com.nurture.TestCases.SignupTest" time="22.113">
    <system-out><![CDATA[InvalidSignup passed
InvalidSignup started
]]></system-out>
  </testcase>
  <testcase name="InvalidSignup[Chole, Harper, Nurture@12, Nurture@12, Nurture1!@12@gmail.com](4)" classname="com.nurture.TestCases.SignupTest" time="22.167">
    <system-out><![CDATA[InvalidSignup passed
InvalidSignup started
]]></system-out>
  </testcase>
  <testcase name="InvalidSignup[Alice, Hazel, Vnc@2020, Vnc@2020, shane@gmail.com](5)" classname="com.nurture.TestCases.SignupTest" time="22.003">
    <system-out><![CDATA[InvalidSignup passed
InvalidSignup started
]]></system-out>
  </testcase>
  <testcase name="LoginWithBlank" classname="com.nurture.TestCases.ManualLoginTest" time="4.508">
    <system-out><![CDATA[InvalidSignup passed
LoginWithBlank started
Invalid username or password.
]]></system-out>
    <system-err><![CDATA[Starting ChromeDriver 88.0.4324.96 (68dba2d8a0b149a1d3afac56fa74648032bcf46b-refs/branch-heads/4324@{#1784}) on port 41124
Only local connections are allowed.
Please see https://chromedriver.chromium.org/security-considerations for suggestions on keeping ChromeDriver safe.
ChromeDriver was started successfully.
Feb 25, 2021 1:20:30 AM org.openqa.selenium.remote.ProtocolHandshake createSession
INFO: Detected dialect: W3C
]]></system-err>
  </testcase>
  <testcase name="LoginWithInvalidData[nurtuuree@123@gmail.com, !##,,….((00](1)" classname="com.nurture.TestCases.ManualLoginTest" time="5.164">
    <system-out><![CDATA[LoginWithBlank passed
LoginWithInvalidData started
Invalid username or password.
]]></system-out>
  </testcase>
  <testcase name="LoginWithInvalidData[nurtut!!$$$%aa@gmail.com, Nurture$2020](2)" classname="com.nurture.TestCases.ManualLoginTest" time="5.003">
    <system-out><![CDATA[LoginWithInvalidData passed
LoginWithInvalidData started
Invalid username or password.
]]></system-out>
  </testcase>
  <testcase name="LoginWithInvalidData[nurturefarmtest1@gmail.com, &lt;&gt;&gt;&lt;#$#%$^](3)" classname="com.nurture.TestCases.ManualLoginTest" time="5.224">
    <system-out><![CDATA[LoginWithInvalidData passed
LoginWithInvalidData started
Invalid username or password.
]]></system-out>
  </testcase>
  <testcase name="LoginWithInvalidData[!@###*(*&amp;87899, !%!^%&amp;&gt;&gt;/?](4)" classname="com.nurture.TestCases.ManualLoginTest" time="4.7">
    <system-out><![CDATA[LoginWithInvalidData passed
LoginWithInvalidData started
Invalid username or password.
]]></system-out>
  </testcase>
  <testcase name="LoginWithInvalidData[chalamareddy1994@gmail.com, Vnc@2021](5)" classname="com.nurture.TestCases.ManualLoginTest" time="5.04">
    <system-out><![CDATA[LoginWithInvalidData passed
LoginWithInvalidData started
Invalid username or password.
]]></system-out>
  </testcase>
  <testcase name="LoginWithValidData[nurturefarmtest4@gmail.com, Nurture@14](1)" classname="com.nurture.TestCases.ManualLoginTest" time="10.467">
    <system-out><![CDATA[LoginWithInvalidData passed
LoginWithValidData started
]]></system-out>
  </testcase>
  <testcase name="VerifyTheLogo" classname="com.nurture.TestCases.ManualLoginTest" time="9.008">
    <system-out><![CDATA[LoginWithValidData passed
VerifyTheLogo started
Logo is displayed-->User has been Loggedin
]]></system-out>
  </testcase>
  <testcase name="BuyerDashboard" classname="com.nurture.TestCases.BuyersDashboardTest" time="10.674">
    <failure message="element click intercepted: Element &lt;a class=&quot;nav-link dashboard-tab&quot; id=&quot;buy-tab&quot; data-toggle=&quot;tab&quot; href=&quot;#buy&quot; role=&quot;tab&quot; aria-controls=&quot;buy&quot; aria-selected=&quot;false&quot;&gt;...&lt;/a&gt; is not clickable at point (416, 591). Other element would receive the click: &lt;div class=&quot;ticker-wrap&quot;&gt;...&lt;/div&gt;&#10;  (Session info: chrome=88.0.4324.182)&#10;Build info: version: &apos;3.141.59&apos;, revision: &apos;e82be7d358&apos;, time: &apos;2018-11-14T08:17:03&apos;&#10;System info: host: &apos;CHALAMA&apos;, ip: &apos;10.2.0.131&apos;, os.name: &apos;Windows 10&apos;, os.arch: &apos;amd64&apos;, os.version: &apos;10.0&apos;, java.version: &apos;11.0.9&apos;&#10;Driver info: org.openqa.selenium.chrome.ChromeDriver&#10;Capabilities {acceptInsecureCerts: false, browserName: chrome, browserVersion: 88.0.4324.182, chrome: {chromedriverVersion: 88.0.4324.96 (68dba2d8a0b14..., userDataDir: C:\Users\CHALAMA\AppData\Lo...}, goog:chromeOptions: {debuggerAddress: localhost:52456}, javascriptEnabled: true, networkConnectionEnabled: false, pageLoadStrategy: normal, platform: WINDOWS, platformName: WINDOWS, proxy: Proxy(), setWindowRect: true, strictFileInteractability: false, timeouts: {implicit: 0, pageLoad: 300000, script: 30000}, unhandledPromptBehavior: dismiss and notify, webauthn:extension:largeBlob: true, webauthn:virtualAuthenticators: true}&#10;Session ID: d36c69916caef3aef8c67d2d7f22f2c3" type="org.openqa.selenium.ElementClickInterceptedException"><![CDATA[org.openqa.selenium.ElementClickInterceptedException: 
element click intercepted: Element <a class="nav-link dashboard-tab" id="buy-tab" data-toggle="tab" href="#buy" role="tab" aria-controls="buy" aria-selected="false">...</a> is not clickable at point (416, 591). Other element would receive the click: <div class="ticker-wrap">...</div>
  (Session info: chrome=88.0.4324.182)
Build info: version: '3.141.59', revision: 'e82be7d358', time: '2018-11-14T08:17:03'
System info: host: 'CHALAMA', ip: '10.2.0.131', os.name: 'Windows 10', os.arch: 'amd64', os.version: '10.0', java.version: '11.0.9'
Driver info: org.openqa.selenium.chrome.ChromeDriver
Capabilities {acceptInsecureCerts: false, browserName: chrome, browserVersion: 88.0.4324.182, chrome: {chromedriverVersion: 88.0.4324.96 (68dba2d8a0b14..., userDataDir: C:\Users\CHALAMA\AppData\Lo...}, goog:chromeOptions: {debuggerAddress: localhost:52456}, javascriptEnabled: true, networkConnectionEnabled: false, pageLoadStrategy: normal, platform: WINDOWS, platformName: WINDOWS, proxy: Proxy(), setWindowRect: true, strictFileInteractability: false, timeouts: {implicit: 0, pageLoad: 300000, script: 30000}, unhandledPromptBehavior: dismiss and notify, webauthn:extension:largeBlob: true, webauthn:virtualAuthenticators: true}
Session ID: d36c69916caef3aef8c67d2d7f22f2c3
	at com.nurture.TestCases.BuyersDashboardTest.BuyerDashboard(BuyersDashboardTest.java:14)
]]></failure>
    <system-out><![CDATA[VerifyTheLogo passed
BuyerDashboard started
]]></system-out>
    <system-err><![CDATA[Starting ChromeDriver 88.0.4324.96 (68dba2d8a0b149a1d3afac56fa74648032bcf46b-refs/branch-heads/4324@{#1784}) on port 23009
Only local connections are allowed.
Please see https://chromedriver.chromium.org/security-considerations for suggestions on keeping ChromeDriver safe.
ChromeDriver was started successfully.
Feb 25, 2021 1:21:38 AM org.openqa.selenium.remote.ProtocolHandshake createSession
INFO: Detected dialect: W3C
]]></system-err>
  </testcase>
  <testcase name="SellerDashboard" classname="com.nurture.TestCases.SellersDashboardTest" time="13.65">
    <system-out><![CDATA[BuyerDashboard failed
SellerDashboard started
User is in Seller Dashboard 
]]></system-out>
    <system-err><![CDATA[Starting ChromeDriver 88.0.4324.96 (68dba2d8a0b149a1d3afac56fa74648032bcf46b-refs/branch-heads/4324@{#1784}) on port 37734
Only local connections are allowed.
Please see https://chromedriver.chromium.org/security-considerations for suggestions on keeping ChromeDriver safe.
ChromeDriver was started successfully.
Feb 25, 2021 1:22:03 AM org.openqa.selenium.remote.ProtocolHandshake createSession
INFO: Detected dialect: W3C
]]></system-err>
  </testcase>
  <testcase name="List" classname="com.nurture.TestCases.ListingsTest" time="26.682">
    <system-out><![CDATA[SellerDashboard passed
List started
User is in Respective listing page
]]></system-out>
    <system-err><![CDATA[Starting ChromeDriver 88.0.4324.96 (68dba2d8a0b149a1d3afac56fa74648032bcf46b-refs/branch-heads/4324@{#1784}) on port 39819
Only local connections are allowed.
Please see https://chromedriver.chromium.org/security-considerations for suggestions on keeping ChromeDriver safe.
ChromeDriver was started successfully.
Feb 25, 2021 1:22:26 AM org.openqa.selenium.remote.ProtocolHandshake createSession
INFO: Detected dialect: W3C
]]></system-err>
  </testcase>
  <testcase name="LoginWithNonRegister_GeneralDetails[nurturefarmtest4@gmail.com, Nurture@14, William, Certified seed growers ensure that seeds sold for growing different crops are healthy, high quality, and free of impurities, Richer Lands, contactus@richerland.com, 9620850102, 90225611999, 13245689, 2800, 122 Woodbury Park Drv, CADIA](1)" classname="com.nurture.TestCases.RegistrationTest" time="99.749">
    <system-out><![CDATA[List passed
LoginWithNonRegister_GeneralDetails started
]]></system-out>
    <system-err><![CDATA[Starting ChromeDriver 88.0.4324.96 (68dba2d8a0b149a1d3afac56fa74648032bcf46b-refs/branch-heads/4324@{#1784}) on port 20189
Only local connections are allowed.
Please see https://chromedriver.chromium.org/security-considerations for suggestions on keeping ChromeDriver safe.
ChromeDriver was started successfully.
Feb 25, 2021 1:23:04 AM org.openqa.selenium.remote.ProtocolHandshake createSession
INFO: Detected dialect: W3C
]]></system-err>
  </testcase>
  <testcase name="Registration_FinancialDetails[nurturefarmtest4@gmail.com, Richer lands, 90225611999, 122 Woodbury, Park Drv, CADIA, 2800, richerlandseed.com](1)" classname="com.nurture.TestCases.RegistrationTest" time="73.13">
    <system-out><![CDATA[LoginWithNonRegister_GeneralDetails passed
Registration_FinancialDetails started
]]></system-out>
  </testcase>
  <testcase name="Registration_TermsACondtions" classname="com.nurture.TestCases.RegistrationTest" time="12.593">
    <system-out><![CDATA[Registration_FinancialDetails passed
Registration_TermsACondtions started
]]></system-out>
  </testcase>
  <testcase name="Registration_Complete" classname="com.nurture.TestCases.RegistrationTest" time="9.329">
    <system-out><![CDATA[Registration_TermsACondtions passed
Registration_Complete started
User Verified-->Registration Completed
]]></system-out>
  </testcase>
  <testcase name="Profile" classname="com.nurture.TestCases.ProfileTest" time="21.048">
    <system-out><![CDATA[Registration_Complete passed
Profile started
User is in Profile Screen
]]></system-out>
    <system-err><![CDATA[Starting ChromeDriver 88.0.4324.96 (68dba2d8a0b149a1d3afac56fa74648032bcf46b-refs/branch-heads/4324@{#1784}) on port 22398
Only local connections are allowed.
Please see https://chromedriver.chromium.org/security-considerations for suggestions on keeping ChromeDriver safe.
ChromeDriver was started successfully.
Feb 25, 2021 1:26:35 AM org.openqa.selenium.remote.ProtocolHandshake createSession
INFO: Detected dialect: W3C
]]></system-err>
  </testcase>
  <testcase name="LoginWithRegisterUSer[nurturefarmtest4@gmail.com, Nurture@14](1)" classname="com.nurture.TestCases.CreateListingTest" time="19.102">
    <system-out><![CDATA[Profile passed
LoginWithRegisterUSer started
]]></system-out>
    <system-err><![CDATA[Starting ChromeDriver 88.0.4324.96 (68dba2d8a0b149a1d3afac56fa74648032bcf46b-refs/branch-heads/4324@{#1784}) on port 22492
Only local connections are allowed.
Please see https://chromedriver.chromium.org/security-considerations for suggestions on keeping ChromeDriver safe.
ChromeDriver was started successfully.
Feb 25, 2021 1:27:05 AM org.openqa.selenium.remote.ProtocolHandshake createSession
INFO: Detected dialect: W3C
]]></system-err>
  </testcase>
  <testcase name="NavtigateCreateListing" classname="com.nurture.TestCases.CreateListingTest" time="9.977">
    <system-out><![CDATA[LoginWithRegisterUSer passed
NavtigateCreateListing started
]]></system-out>
  </testcase>
  <testcase name="CreateList[LG Master Super Bremer Seeds, LG Maltstar Super Bremer seeds is known for malt, 100, 10, 300, 4001, 130 Shirley Street, Perth](1)" classname="com.nurture.TestCases.CreateListingTest" time="72.079">
    <system-out><![CDATA[NavtigateCreateListing passed
CreateList started
]]></system-out>
  </testcase>
  <testcase name="LoginWithListUser[nurturefarmtest4@gmail.com, Nurture@14](1)" classname="com.nurture.TestCases.DeleteListingTest" time="13.784">
    <system-out><![CDATA[CreateList passed
LoginWithListUser started
]]></system-out>
    <system-err><![CDATA[Starting ChromeDriver 88.0.4324.96 (68dba2d8a0b149a1d3afac56fa74648032bcf46b-refs/branch-heads/4324@{#1784}) on port 28191
Only local connections are allowed.
Please see https://chromedriver.chromium.org/security-considerations for suggestions on keeping ChromeDriver safe.
ChromeDriver was started successfully.
Feb 25, 2021 1:28:57 AM org.openqa.selenium.remote.ProtocolHandshake createSession
INFO: Detected dialect: W3C
]]></system-err>
  </testcase>
  <testcase name="DeleteList" classname="com.nurture.TestCases.DeleteListingTest" time="27.312">
    <system-out><![CDATA[LoginWithListUser passed
DeleteList started
user selected parcticular List
List Deleted Sucessfully
]]></system-out>
  </testcase>
  <testcase name="LoginWithBuyerUser[nurturefarmtest8@gmail.com, Nurture@18](1)" classname="com.nurture.TestCases.Contract_OrdersTest" time="12.741">
    <system-out><![CDATA[DeleteList passed
LoginWithBuyerUser started
Login with Buyer Account
]]></system-out>
    <system-err><![CDATA[Starting ChromeDriver 88.0.4324.96 (68dba2d8a0b149a1d3afac56fa74648032bcf46b-refs/branch-heads/4324@{#1784}) on port 34984
Only local connections are allowed.
Please see https://chromedriver.chromium.org/security-considerations for suggestions on keeping ChromeDriver safe.
ChromeDriver was started successfully.
Feb 25, 2021 1:29:49 AM org.openqa.selenium.remote.ProtocolHandshake createSession
INFO: Detected dialect: W3C
]]></system-err>
  </testcase>
  <testcase name="ContractShare" classname="com.nurture.TestCases.Contract_OrdersTest" time="40.472">
    <system-out><![CDATA[LoginWithBuyerUser passed
ContractShare started
LongReach Cobra Seeds For Sale At 300AUD
]]></system-out>
  </testcase>
  <testcase name="LoginWithSellerUser[nurturefarmtest9@gmail.com, Nurture@19](1)" classname="com.nurture.TestCases.Contract_OrdersTest" time="10.733">
    <system-out><![CDATA[ContractShare passed
LoginWithSellerUser started
Login with seller Account
]]></system-out>
  </testcase>
  <testcase name="ApproveContract" classname="com.nurture.TestCases.Contract_OrdersTest" time="24.234">
    <system-out><![CDATA[LoginWithSellerUser passed
ApproveContract started
Contract is Approved Successfully
]]></system-out>
  </testcase>
  <testcase name="LoginWithBuyer[nurturefarmtest8@gmail.com, Nurture@18](1)" classname="com.nurture.TestCases.Contract_OrdersTest" time="10.41">
    <system-out><![CDATA[ApproveContract passed
LoginWithBuyer started
Login with Buyer Account
]]></system-out>
  </testcase>
  <testcase name="BuyerProccedToPayment" classname="com.nurture.TestCases.Contract_OrdersTest" time="42.795">
    <system-out><![CDATA[LoginWithBuyer passed
BuyerProccedToPayment started
751463
]]></system-out>
  </testcase>
  <testcase name="LoginWithSeller[nurturefarmtest9@gmail.com, Nurture@19](1)" classname="com.nurture.TestCases.Contract_OrdersTest" time="10.351">
    <system-out><![CDATA[BuyerProccedToPayment passed
LoginWithSeller started
Login with seller Account
]]></system-out>
  </testcase>
  <testcase name="InitiatePayment" classname="com.nurture.TestCases.Contract_OrdersTest" time="27.016">
    <system-out><![CDATA[LoginWithSeller passed
InitiatePayment started
751463
Payment Initiated Successfully
]]></system-out>
  </testcase>
  <testcase name="LoginWithBuyerAccount[nurturefarmtest8@gmail.com, Nurture@18](1)" classname="com.nurture.TestCases.Contract_OrdersTest" time="10.547">
    <system-out><![CDATA[InitiatePayment passed
LoginWithBuyerAccount started
Login with Buyer Account
]]></system-out>
  </testcase>
  <testcase name="DownloadBuyerInvoice" classname="com.nurture.TestCases.Contract_OrdersTest" time="22.853">
    <system-out><![CDATA[LoginWithBuyerAccount passed
DownloadBuyerInvoice started
Order picked up on February 25, 2021
]]></system-out>
  </testcase>
  <testcase name="LoginWithSellerAccount[nurturefarmtest9@gmail.com, Nurture@19](1)" classname="com.nurture.TestCases.Contract_OrdersTest" time="10.785">
    <system-out><![CDATA[DownloadBuyerInvoice passed
LoginWithSellerAccount started
Login with seller Account
]]></system-out>
  </testcase>
  <testcase name="DownloadSellerInvoice" classname="com.nurture.TestCases.Contract_OrdersTest" time="20.82">
    <system-out><![CDATA[LoginWithSellerAccount passed
DownloadSellerInvoice started
Order picked up on February 25, 2021
]]></system-out>
  </testcase>
  <testcase name="LoginWithBuyerUser[nurturefarmtest8@gmail.com, Nurture@18](1)" classname="com.nurture.TestCases.RejectContractTest" time="15.337">
    <system-out><![CDATA[DownloadSellerInvoice passed
LoginWithBuyerUser started
Login with Buyer Account
]]></system-out>
    <system-err><![CDATA[Starting ChromeDriver 88.0.4324.96 (68dba2d8a0b149a1d3afac56fa74648032bcf46b-refs/branch-heads/4324@{#1784}) on port 27433
Only local connections are allowed.
Please see https://chromedriver.chromium.org/security-considerations for suggestions on keeping ChromeDriver safe.
ChromeDriver was started successfully.
Feb 25, 2021 1:34:05 AM org.openqa.selenium.remote.ProtocolHandshake createSession
INFO: Detected dialect: W3C
]]></system-err>
  </testcase>
  <testcase name="ContractShare" classname="com.nurture.TestCases.RejectContractTest" time="41.154">
    <system-out><![CDATA[LoginWithBuyerUser passed
ContractShare started
LongReach Cobra Seeds For Sale At 300AUD
]]></system-out>
  </testcase>
  <testcase name="LoginWithSellerUser[nurturefarmtest9@gmail.com, Nurture@19](1)" classname="com.nurture.TestCases.RejectContractTest" time="19.737">
    <system-out><![CDATA[ContractShare passed
LoginWithSellerUser started
Login with seller Account
]]></system-out>
  </testcase>
  <testcase name="RejectContract" classname="com.nurture.TestCases.RejectContractTest" time="22.713">
    <system-out><![CDATA[LoginWithSellerUser passed
RejectContract started
]]></system-out>
  </testcase>
</testsuite>