<?xml version="1.0" encoding="UTF-8"?>
<testng-results ignored="0" total="4" passed="4" failed="0" skipped="0">
  <reporter-output>
  </reporter-output>
  <suite started-at="2021-03-10T00:05:54 IST" name="Default suite" finished-at="2021-03-10T00:08:06 IST" duration-ms="131644">
    <groups>
    </groups>
    <test started-at="2021-03-10T00:05:54 IST" name="Default test" finished-at="2021-03-10T00:08:06 IST" duration-ms="131644">
      <class name="com.nurture.TestCases.RejectContractTest">
        <test-method is-config="true" signature="initalization()[pri:0, instance:com.nurture.TestCases.RejectContractTest@3972a855]" started-at="2021-03-10T00:05:54 IST" name="initalization" finished-at="2021-03-10T00:06:11 IST" duration-ms="16916" status="PASS">
          <reporter-output>
          </reporter-output>
        </test-method> <!-- initalization -->
        <test-method signature="LoginWithBuyerUser(java.lang.String, java.lang.String)[pri:0, instance:com.nurture.TestCases.RejectContractTest@3972a855]" started-at="2021-03-10T00:06:22 IST" name="LoginWithBuyerUser" data-provider="BuyerAccount" finished-at="2021-03-10T00:06:34 IST" duration-ms="11876" status="PASS">
          <params>
            <param index="0">
              <value>
                <![CDATA[nurturefarmtest8@gmail.com]]>
              </value>
            </param>
            <param index="1">
              <value>
                <![CDATA[Nurture@18]]>
              </value>
            </param>
          </params>
          <reporter-output>
          </reporter-output>
        </test-method> <!-- LoginWithBuyerUser -->
        <test-method signature="ContractShare()[pri:1, instance:com.nurture.TestCases.RejectContractTest@3972a855]" started-at="2021-03-10T00:06:34 IST" name="ContractShare" finished-at="2021-03-10T00:07:31 IST" duration-ms="57199" status="PASS">
          <reporter-output>
          </reporter-output>
        </test-method> <!-- ContractShare -->
        <test-method signature="LoginWithSellerUser(java.lang.String, java.lang.String)[pri:2, instance:com.nurture.TestCases.RejectContractTest@3972a855]" started-at="2021-03-10T00:07:32 IST" name="LoginWithSellerUser" data-provider="SellerAccount" finished-at="2021-03-10T00:07:44 IST" duration-ms="12788" status="PASS">
          <params>
            <param index="0">
              <value>
                <![CDATA[nurturefarmtest9@gmail.com]]>
              </value>
            </param>
            <param index="1">
              <value>
                <![CDATA[Nurture@19]]>
              </value>
            </param>
          </params>
          <reporter-output>
          </reporter-output>
        </test-method> <!-- LoginWithSellerUser -->
        <test-method signature="RejectContract()[pri:3, instance:com.nurture.TestCases.RejectContractTest@3972a855]" started-at="2021-03-10T00:07:44 IST" name="RejectContract" finished-at="2021-03-10T00:08:04 IST" duration-ms="19977" status="PASS">
          <reporter-output>
          </reporter-output>
        </test-method> <!-- RejectContract -->
        <test-method is-config="true" signature="End()[pri:0, instance:com.nurture.TestCases.RejectContractTest@3972a855]" started-at="2021-03-10T00:08:04 IST" name="End" finished-at="2021-03-10T00:08:06 IST" duration-ms="1306" status="PASS">
          <reporter-output>
          </reporter-output>
        </test-method> <!-- End -->
      </class> <!-- com.nurture.TestCases.RejectContractTest -->
    </test> <!-- Default test -->
  </suite> <!-- Default suite -->
</testng-results>
