<?xml version="1.0" encoding="UTF-8"?>
<!-- Generated by org.testng.reporters.JUnitXMLReporter -->
<testsuite ignored="0" hostname="CHALAMA" failures="0" tests="17" name="Test" time="366.399" errors="0" timestamp="2021-02-25T00:34:40 IST">
  <testcase classname="com.nurture.TestCases.SignupTest" name="ValidSignupDetails" time="41.431"/>
  <testcase classname="com.nurture.TestCases.SignupTest" name="InvalidSignup" time="22.2"/>
  <testcase classname="com.nurture.TestCases.SignupTest" name="InvalidSignup" time="22.331"/>
  <testcase classname="com.nurture.TestCases.SignupTest" name="InvalidSignup" time="21.874"/>
  <testcase classname="com.nurture.TestCases.SignupTest" name="InvalidSignup" time="22.511"/>
  <testcase classname="com.nurture.TestCases.SignupTest" name="InvalidSignup" time="22.024"/>
  <testcase classname="com.nurture.TestCases.ManualLoginTest" name="LoginWithBlank" time="4.362"/>
  <testcase classname="com.nurture.TestCases.ManualLoginTest" name="LoginWithInvalidData" time="5.429"/>
  <testcase classname="com.nurture.TestCases.ManualLoginTest" name="LoginWithInvalidData" time="5.016"/>
  <testcase classname="com.nurture.TestCases.ManualLoginTest" name="LoginWithInvalidData" time="5.162"/>
  <testcase classname="com.nurture.TestCases.ManualLoginTest" name="LoginWithInvalidData" time="4.722"/>
  <testcase classname="com.nurture.TestCases.ManualLoginTest" name="LoginWithInvalidData" time="5.417"/>
  <testcase classname="com.nurture.TestCases.ManualLoginTest" name="LoginWithValidData" time="10.348"/>
  <testcase classname="com.nurture.TestCases.ManualLoginTest" name="VerifyTheLogo" time="6.727"/>
  <testcase classname="com.nurture.TestCases.BuyersDashboardTest" name="BuyerDashboard" time="22.46"/>
  <testcase classname="com.nurture.TestCases.SellersDashboardTest" name="SellerDashboard" time="14.027"/>
  <testcase classname="com.nurture.TestCases.ListingsTest" name="List" time="26.154"/>
</testsuite> <!-- Test -->
